[  167.634762] Working A
[  167.739166] Working A
[  167.839574] Working A
[  167.941464] Working A
[  168.044960] Working A
[  168.147282] Working A
[  168.248417] Working A
[  168.351314] Working A
[  168.454041] Working A
[  168.556409] Working A
[  168.636512] Switched work to B
[  168.656601] Working Denied for A
[  168.736686] Working B
[  168.757308] Working Denied for A
[  168.836685] Working B
[  168.861813] Working Denied for A
[  168.940385] Working B
[  168.962237] Working Denied for A
[  169.041378] Working B
[  169.063819] Working Denied for A
[  169.146195] Working B
[  169.164855] Working Denied for A
[  169.247271] Working B
[  169.269257] Working Denied for A
[  169.347808] Working B
[  169.370073] Working Denied for A
[  169.449655] Working B
[  169.472053] Working Denied for A
[  169.551561] Working B
[  169.576124] Working Denied for A
[  169.634670] Switched work to C
[  169.652783] Working Denied for B
[  169.676197] Working Denied for A
[  169.736321] Working C
[  169.755922] Working Denied for B
[  169.778377] Working Denied for A
[  169.836698] Working C
[  169.858135] Working Denied for B
[  169.879592] Working Denied for A
[  169.937073] Working C
[  169.961058] Working Denied for B
[  169.983419] Working Denied for A
[  170.037965] Working C
[  170.067271] Working Denied for B
[  170.088218] Working Denied for A
[  170.138429] Working C
[  170.170621] Working Denied for B
[  170.189405] Working Denied for A
[  170.239536] Working C
[  170.271167] Working Denied for B
[  170.295304] Working Denied for A
[  170.340728] Working C
[  170.373059] Working Denied for B
[  170.396284] Working Denied for A
[  170.446330] Working C
[  170.474707] Working Denied for B
[  170.498751] Working Denied for A
[  170.547275] Working C
[  170.576131] Working Denied for B
[  170.603688] Working Denied for A
[  170.647276] Working C
[  170.677112] Working Denied for B
[  170.704693] Working Denied for A
[  170.748145] Working C
[  170.777602] Working Denied for B
[  170.806852] Working Denied for A
[  170.849451] Working C
[  170.878312] Working Denied for B
[  170.908673] Working Denied for A
[  170.955871] Working C
[  170.979428] Working Denied for B
[  171.011933] Working Denied for A
[  171.056379] Working C
[  171.079702] Working Denied for B
[  171.118699] Working Denied for A
[  171.160696] Working C
[  171.180352] Working Denied for B
[  171.221165] Working Denied for A
[  171.263537] Working C
[  171.281545] Working Denied for B
[  171.328759] Working Denied for A
[  171.365713] Working C
[  171.381571] Working Denied for B
[  171.429298] Working Denied for A
[  171.470065] Working C
[  171.481750] Working Denied for B
[  171.532047] Working Denied for A
[  171.570187] Working C
[  171.582396] Working Denied for B
[  171.636475] Working Denied for A
[  171.671652] Working C
[  171.684315] Working Denied for B
[  171.747488] Working Denied for A
[  171.773466] Working C
[  171.791190] Working Denied for B
[  171.849664] Working Denied for A
[  171.877276] Working C
[  171.891832] Working Denied for B
[  171.953502] Working Denied for A
[  171.979967] Working C
[  171.993851] Working Denied for B
[  172.068200] Working Denied for A
[  172.080283] Working C
[  172.098918] Working Denied for B
[  172.170576] Working Denied for A
[  172.182307] Working C
[  172.199397] Working Denied for B
[  172.271447] Working Denied for A
[  172.283510] Working C
[  172.305171] Working Denied for B
[  172.373733] Working Denied for A
[  172.386958] Working C
[  172.406225] Working Denied for B
[  172.478657] Working Denied for A
[  172.489456] Working C
[  172.506528] Working Denied for B
[  172.581132] Working Denied for A
[  172.590241] Working C
[  172.610039] Working Denied for B
[  172.681706] Working Denied for A
[  172.690504] Process finished: C
[  172.710444] Working B
[  172.783192] Working Denied for A
[  172.811072] Working B
[  172.888094] Working Denied for A
[  172.911377] Working B
[  173.009031] Working Denied for A
[  173.013543] Working B
[  173.110620] Working Denied for A
[  173.115426] Working B
[  173.214643] Working Denied for A
[  173.218608] Working B
[  173.314735] Working Denied for A
[  173.318751] Working B
[  173.415674] Working Denied for A
[  173.419529] Working B
[  173.518179] Working Denied for A
[  173.520064] Working B
[  173.621310] Working B
[  173.621462] Working Denied for A
[  173.722922] Working Denied for A
[  173.722983] Working B
[  173.852963] Working B
[  173.853002] Working Denied for A
[  173.953639] Working Denied for A
[  173.953674] Working B
[  174.053923] Working B
[  174.055949] Working Denied for A
[  174.154011] Working B
[  174.156783] Working Denied for A
[  174.255177] Working B
[  174.257371] Working Denied for A
[  174.357033] Working B
[  174.363347] Working Denied for A
[  174.462892] Working B
[  174.467036] Working Denied for A
[  174.566631] Working B
[  174.568539] Working Denied for A
[  174.667746] Working B
[  174.677867] Working Denied for A
[  174.768062] Working B
[  174.784846] Working Denied for A
[  174.868850] Working B
[  174.889581] Working Denied for A
[  174.970296] Working B
[  174.994327] Working Denied for A
[  175.071722] Working B
[  175.105161] Working Denied for A
[  175.178794] Working B
[  175.206885] Working Denied for A
[  175.282791] Working B
[  175.310777] Working Denied for A
[  175.387629] Working B
[  175.428507] Working Denied for A
[  175.487718] Working B
[  175.531338] Working Denied for A
[  175.609415] Working B
[  175.631813] Working Denied for A
[  175.710190] Working B
[  175.749062] Working Denied for A
[  175.810178] Working B
[  175.849980] Working Denied for A
[  175.910313] Working B
[  175.950910] Working Denied for A
[  176.021059] Working B
[  176.051769] Working Denied for A
[  176.126167] Working B
[  176.153019] Working Denied for A
[  176.229435] Working B
[  176.253252] Working Denied for A
[  176.333547] Working B
[  176.357349] Working Denied for A
[  176.434061] Working B
[  176.457659] Working Denied for A
[  176.535248] Working B
[  176.557926] Working Denied for A
[  176.635494] Working B
[  176.672761] Working Denied for A
[  176.740079] Working B
[  176.774958] Working Denied for A
[  176.840535] Process finished: B
[  176.875176] Working A
[  176.976688] Working A
[  177.077820] Working A
[  177.179025] Working A
[  177.279654] Working A
[  177.381922] Working A
[  177.484851] Working A
[  177.594415] Working A
[  177.694571] Working A
[  177.816114] Working A
[  177.918026] Working A
[  178.020303] Working A
[  178.121303] Working A
[  178.222276] Working A
[  178.323036] Working A
[  178.427107] Working A
[  178.529615] Working A
[  178.633022] Working A
[  178.733707] Working A
[  178.833734] Working A
[  178.934855] Working A
[  179.035292] Working A
[  179.142159] Working A
[  179.244424] Working A
[  179.345445] Working A
[  179.452803] Working A
[  179.559414] Working A
[  179.663073] Working A
[  179.766859] Working A
[  179.870161] Working A
[  179.973210] Working A
[  180.079009] Working A
[  180.182408] Working A
[  180.285026] Working A
[  180.387335] Working A
[  180.487484] Working A
[  180.587951] Working A
[  180.692421] Working A
[  180.794196] Working A
[  180.899627] Working A
[  180.999887] Working A
[  181.100635] Working A
[  181.202309] Working A
[  181.302981] Working A
[  181.407208] Working A
[  181.507802] Working A
[  181.612470] Working A
[  181.713431] Working A
[  181.815956] Working A
[  181.922916] Working A
[  182.029575] Working A
[  182.135779] Working A
[  182.242479] Working A
[  182.343480] Working A
[  182.449293] Working A
[  182.553806] Working A
[  182.654229] Working A
[  182.755635] Working A
[  182.856679] Working A
[  182.963233] Working A
[  183.064948] Process finished: A
